C:\USERS\DAVID\DOCUMENTS\VISUAL STUDIO 2012\PROJECTS\TAVELINGSALESMANAMP\TAVELINGSALESMANAMP\DEBUG\TAVELINGSALESMANAMP.PCH
C:\USERS\DAVID\DOCUMENTS\VISUAL STUDIO 2012\PROJECTS\TAVELINGSALESMANAMP\TAVELINGSALESMANAMP\DEBUG\STDAFX.OBJ
C:\USERS\DAVID\DOCUMENTS\VISUAL STUDIO 2012\PROJECTS\TAVELINGSALESMANAMP\TAVELINGSALESMANAMP\DEBUG\VC110.PDB
C:\USERS\DAVID\DOCUMENTS\VISUAL STUDIO 2012\PROJECTS\TAVELINGSALESMANAMP\TAVELINGSALESMANAMP\DEBUG\TAVELINGSALESMANAMP.OBJ
C:\USERS\DAVID\DOCUMENTS\VISUAL STUDIO 2012\PROJECTS\TAVELINGSALESMANAMP\DEBUG\TAVELINGSALESMANAMP.ILK
C:\USERS\DAVID\DOCUMENTS\VISUAL STUDIO 2012\PROJECTS\TAVELINGSALESMANAMP\DEBUG\TAVELINGSALESMANAMP.EXE
C:\USERS\DAVID\DOCUMENTS\VISUAL STUDIO 2012\PROJECTS\TAVELINGSALESMANAMP\DEBUG\TAVELINGSALESMANAMP.PDB
C:\Users\David\Documents\Visual Studio 2012\Projects\TavelingSalesmanAmp\TavelingSalesmanAmp\Debug\stdafx.obj
C:\Users\David\Documents\Visual Studio 2012\Projects\TavelingSalesmanAmp\TavelingSalesmanAmp\Debug\cl.command.1.tlog
C:\Users\David\Documents\Visual Studio 2012\Projects\TavelingSalesmanAmp\TavelingSalesmanAmp\Debug\CL.read.1.tlog
C:\Users\David\Documents\Visual Studio 2012\Projects\TavelingSalesmanAmp\TavelingSalesmanAmp\Debug\CL.read.2.tlog
C:\Users\David\Documents\Visual Studio 2012\Projects\TavelingSalesmanAmp\TavelingSalesmanAmp\Debug\CL.read.3.tlog
C:\Users\David\Documents\Visual Studio 2012\Projects\TavelingSalesmanAmp\TavelingSalesmanAmp\Debug\CL.read.5.tlog
C:\Users\David\Documents\Visual Studio 2012\Projects\TavelingSalesmanAmp\TavelingSalesmanAmp\Debug\CL.write.1.tlog
C:\Users\David\Documents\Visual Studio 2012\Projects\TavelingSalesmanAmp\TavelingSalesmanAmp\Debug\CL.write.2.tlog
C:\Users\David\Documents\Visual Studio 2012\Projects\TavelingSalesmanAmp\TavelingSalesmanAmp\Debug\CL.write.3.tlog
C:\Users\David\Documents\Visual Studio 2012\Projects\TavelingSalesmanAmp\TavelingSalesmanAmp\Debug\CL.write.5.tlog
C:\Users\David\Documents\Visual Studio 2012\Projects\TavelingSalesmanAmp\TavelingSalesmanAmp\Debug\link-cvtres.read.1.tlog
C:\Users\David\Documents\Visual Studio 2012\Projects\TavelingSalesmanAmp\TavelingSalesmanAmp\Debug\link-cvtres.write.1.tlog
C:\Users\David\Documents\Visual Studio 2012\Projects\TavelingSalesmanAmp\TavelingSalesmanAmp\Debug\link-rc.read.1.tlog
C:\Users\David\Documents\Visual Studio 2012\Projects\TavelingSalesmanAmp\TavelingSalesmanAmp\Debug\link-rc.write.1.tlog
C:\Users\David\Documents\Visual Studio 2012\Projects\TavelingSalesmanAmp\TavelingSalesmanAmp\Debug\link.6752-cvtres.read.1.tlog
C:\Users\David\Documents\Visual Studio 2012\Projects\TavelingSalesmanAmp\TavelingSalesmanAmp\Debug\link.6752-cvtres.write.1.tlog
C:\Users\David\Documents\Visual Studio 2012\Projects\TavelingSalesmanAmp\TavelingSalesmanAmp\Debug\link.6752-rc.read.1.tlog
C:\Users\David\Documents\Visual Studio 2012\Projects\TavelingSalesmanAmp\TavelingSalesmanAmp\Debug\link.6752-rc.write.1.tlog
C:\Users\David\Documents\Visual Studio 2012\Projects\TavelingSalesmanAmp\TavelingSalesmanAmp\Debug\link.6752.read.1.tlog
C:\Users\David\Documents\Visual Studio 2012\Projects\TavelingSalesmanAmp\TavelingSalesmanAmp\Debug\link.6752.write.1.tlog
C:\Users\David\Documents\Visual Studio 2012\Projects\TavelingSalesmanAmp\TavelingSalesmanAmp\Debug\link.8012-cvtres.read.1.tlog
C:\Users\David\Documents\Visual Studio 2012\Projects\TavelingSalesmanAmp\TavelingSalesmanAmp\Debug\link.8012-cvtres.write.1.tlog
C:\Users\David\Documents\Visual Studio 2012\Projects\TavelingSalesmanAmp\TavelingSalesmanAmp\Debug\link.8012-rc.read.1.tlog
C:\Users\David\Documents\Visual Studio 2012\Projects\TavelingSalesmanAmp\TavelingSalesmanAmp\Debug\link.8012-rc.write.1.tlog
C:\Users\David\Documents\Visual Studio 2012\Projects\TavelingSalesmanAmp\TavelingSalesmanAmp\Debug\link.8012.read.1.tlog
C:\Users\David\Documents\Visual Studio 2012\Projects\TavelingSalesmanAmp\TavelingSalesmanAmp\Debug\link.8012.write.1.tlog
C:\Users\David\Documents\Visual Studio 2012\Projects\TavelingSalesmanAmp\TavelingSalesmanAmp\Debug\link.command.1.tlog
C:\Users\David\Documents\Visual Studio 2012\Projects\TavelingSalesmanAmp\TavelingSalesmanAmp\Debug\link.read.1.tlog
C:\Users\David\Documents\Visual Studio 2012\Projects\TavelingSalesmanAmp\TavelingSalesmanAmp\Debug\link.write.1.tlog
C:\Users\David\Documents\Visual Studio 2012\Projects\TavelingSalesmanAmp\TavelingSalesmanAmp\Debug\TavelingSalesmanAmp.pch
C:\Users\David\Documents\Visual Studio 2012\Projects\TavelingSalesmanAmp\TavelingSalesmanAmp\Debug\vc110.idb
C:\Users\David\Documents\Visual Studio 2012\Projects\TavelingSalesmanAmp\TavelingSalesmanAmp\Debug\vc110.pdb
C:\Users\David\Documents\Visual Studio 2012\Projects\TavelingSalesmanAmp\Debug\TavelingSalesmanAmp.pdb
C:\Users\David\Documents\Visual Studio 2012\Projects\TavelingSalesmanAmp\Debug\TavelingSalesmanAmp.exe
C:\Users\David\Documents\Visual Studio 2012\Projects\TavelingSalesmanAmp\Debug\TavelingSalesmanAmp.ilk
